============================================================
Build EXE started: Fri 01/30/2026 13:43:31.01
Project root : C:\Users\Sidscri\Desktop\TEST\KenpoFlashcardsWebServer_Packaged_Synced
Packaging    : C:\Users\Sidscri\Desktop\TEST\KenpoFlashcardsWebServer_Packaged_Synced\packaging
Mode         : update
Data dir     : C:\Users\Sidscri\Desktop\TEST\KenpoFlashcardsWebServer_Packaged_Synced\packaging\build_data
============================================================
[2/5] Installing packaging requirements
Requirement already satisfied: pip==24.0 in c:\users\sidscri\desktop\test\kenpoflashcardswebserver_packaged_synced\.venv\lib\site-packages (24.0)
Requirement already satisfied: setuptools==70.3.0 in c:\users\sidscri\desktop\test\kenpoflashcardswebserver_packaged_synced\.venv\lib\site-packages (70.3.0)
Requirement already satisfied: wheel==0.44.0 in c:\users\sidscri\desktop\test\kenpoflashcardswebserver_packaged_synced\.venv\lib\site-packages (0.44.0)

[notice] A new release of pip is available: 24.0 -> 25.0.1
[notice] To update, run: C:\Users\Sidscri\Desktop\TEST\KenpoFlashcardsWebServer_Packaged_Synced\.venv\Scripts\python.exe -m pip install --upgrade pip
Requirement already satisfied: pyinstaller==6.6.0 in c:\users\sidscri\desktop\test\kenpoflashcardswebserver_packaged_synced\.venv\lib\site-packages (from -r C:\Users\Sidscri\Desktop\TEST\KenpoFlashcardsWebServer_Packaged_Synced\packaging\requirements_packaging.txt (line 1)) (6.6.0)
Requirement already satisfied: pystray==0.19.5 in c:\users\sidscri\desktop\test\kenpoflashcardswebserver_packaged_synced\.venv\lib\site-packages (from -r C:\Users\Sidscri\Desktop\TEST\KenpoFlashcardsWebServer_Packaged_Synced\packaging\requirements_packaging.txt (line 2)) (0.19.5)
Requirement already satisfied: pillow==10.4.0 in c:\users\sidscri\desktop\test\kenpoflashcardswebserver_packaged_synced\.venv\lib\site-packages (from -r C:\Users\Sidscri\Desktop\TEST\KenpoFlashcardsWebServer_Packaged_Synced\packaging\requirements_packaging.txt (line 3)) (10.4.0)
Requirement already satisfied: requests>=2.31.0 in c:\users\sidscri\desktop\test\kenpoflashcardswebserver_packaged_synced\.venv\lib\site-packages (from -r C:\Users\Sidscri\Desktop\TEST\KenpoFlashcardsWebServer_Packaged_Synced\packaging\requirements_packaging.txt (line 6)) (2.32.4)
Requirement already satisfied: flask<3.0,>=2.2.2 in c:\users\sidscri\desktop\test\kenpoflashcardswebserver_packaged_synced\.venv\lib\site-packages (from -r C:\Users\Sidscri\Desktop\TEST\KenpoFlashcardsWebServer_Packaged_Synced\packaging\requirements_packaging.txt (line 7)) (2.3.3)
Requirement already satisfied: Werkzeug<3.0,>=2.2.2 in c:\users\sidscri\desktop\test\kenpoflashcardswebserver_packaged_synced\.venv\lib\site-packages (from -r C:\Users\Sidscri\Desktop\TEST\KenpoFlashcardsWebServer_Packaged_Synced\packaging\requirements_packaging.txt (line 8)) (2.3.8)
Requirement already satisfied: reportlab>=4.0.0 in c:\users\sidscri\desktop\test\kenpoflashcardswebserver_packaged_synced\.venv\lib\site-packages (from -r C:\Users\Sidscri\Desktop\TEST\KenpoFlashcardsWebServer_Packaged_Synced\packaging\requirements_packaging.txt (line 9)) (4.4.3)
Requirement already satisfied: platformdirs>=4.0.0 in c:\users\sidscri\desktop\test\kenpoflashcardswebserver_packaged_synced\.venv\lib\site-packages (from -r C:\Users\Sidscri\Desktop\TEST\KenpoFlashcardsWebServer_Packaged_Synced\packaging\requirements_packaging.txt (line 10)) (4.3.6)
Requirement already satisfied: jaraco.functools>=4.0.0 in c:\users\sidscri\desktop\test\kenpoflashcardswebserver_packaged_synced\.venv\lib\site-packages (from -r C:\Users\Sidscri\Desktop\TEST\KenpoFlashcardsWebServer_Packaged_Synced\packaging\requirements_packaging.txt (line 13)) (4.1.0)
Requirement already satisfied: jaraco.context>=5.0.0 in c:\users\sidscri\desktop\test\kenpoflashcardswebserver_packaged_synced\.venv\lib\site-packages (from -r C:\Users\Sidscri\Desktop\TEST\KenpoFlashcardsWebServer_Packaged_Synced\packaging\requirements_packaging.txt (line 14)) (6.0.1)
Requirement already satisfied: jaraco.classes>=3.0.0 in c:\users\sidscri\desktop\test\kenpoflashcardswebserver_packaged_synced\.venv\lib\site-packages (from -r C:\Users\Sidscri\Desktop\TEST\KenpoFlashcardsWebServer_Packaged_Synced\packaging\requirements_packaging.txt (line 15)) (3.4.0)
Requirement already satisfied: jaraco.text>=3.0.0 in c:\users\sidscri\desktop\test\kenpoflashcardswebserver_packaged_synced\.venv\lib\site-packages (from -r C:\Users\Sidscri\Desktop\TEST\KenpoFlashcardsWebServer_Packaged_Synced\packaging\requirements_packaging.txt (line 16)) (4.0.0)
Requirement already satisfied: pip==24.0 in c:\users\sidscri\desktop\test\kenpoflashcardswebserver_packaged_synced\.venv\lib\site-packages (from -r C:\Users\Sidscri\Desktop\TEST\KenpoFlashcardsWebServer_Packaged_Synced\packaging\requirements_packaging.txt (line 19)) (24.0)
Requirement already satisfied: setuptools==70.3.0 in c:\users\sidscri\desktop\test\kenpoflashcardswebserver_packaged_synced\.venv\lib\site-packages (from -r C:\Users\Sidscri\Desktop\TEST\KenpoFlashcardsWebServer_Packaged_Synced\packaging\requirements_packaging.txt (line 20)) (70.3.0)
Requirement already satisfied: wheel==0.44.0 in c:\users\sidscri\desktop\test\kenpoflashcardswebserver_packaged_synced\.venv\lib\site-packages (from -r C:\Users\Sidscri\Desktop\TEST\KenpoFlashcardsWebServer_Packaged_Synced\packaging\requirements_packaging.txt (line 21)) (0.44.0)
Requirement already satisfied: altgraph in c:\users\sidscri\desktop\test\kenpoflashcardswebserver_packaged_synced\.venv\lib\site-packages (from pyinstaller==6.6.0->-r C:\Users\Sidscri\Desktop\TEST\KenpoFlashcardsWebServer_Packaged_Synced\packaging\requirements_packaging.txt (line 1)) (0.17.5)
Requirement already satisfied: pyinstaller-hooks-contrib>=2024.3 in c:\users\sidscri\desktop\test\kenpoflashcardswebserver_packaged_synced\.venv\lib\site-packages (from pyinstaller==6.6.0->-r C:\Users\Sidscri\Desktop\TEST\KenpoFlashcardsWebServer_Packaged_Synced\packaging\requirements_packaging.txt (line 1)) (2026.0)
Requirement already satisfied: packaging>=22.0 in c:\users\sidscri\desktop\test\kenpoflashcardswebserver_packaged_synced\.venv\lib\site-packages (from pyinstaller==6.6.0->-r C:\Users\Sidscri\Desktop\TEST\KenpoFlashcardsWebServer_Packaged_Synced\packaging\requirements_packaging.txt (line 1)) (26.0)
Requirement already satisfied: importlib-metadata>=4.6 in c:\users\sidscri\desktop\test\kenpoflashcardswebserver_packaged_synced\.venv\lib\site-packages (from pyinstaller==6.6.0->-r C:\Users\Sidscri\Desktop\TEST\KenpoFlashcardsWebServer_Packaged_Synced\packaging\requirements_packaging.txt (line 1)) (8.5.0)
Requirement already satisfied: pefile>=2022.5.30 in c:\users\sidscri\desktop\test\kenpoflashcardswebserver_packaged_synced\.venv\lib\site-packages (from pyinstaller==6.6.0->-r C:\Users\Sidscri\Desktop\TEST\KenpoFlashcardsWebServer_Packaged_Synced\packaging\requirements_packaging.txt (line 1)) (2024.8.26)
Requirement already satisfied: pywin32-ctypes>=0.2.1 in c:\users\sidscri\desktop\test\kenpoflashcardswebserver_packaged_synced\.venv\lib\site-packages (from pyinstaller==6.6.0->-r C:\Users\Sidscri\Desktop\TEST\KenpoFlashcardsWebServer_Packaged_Synced\packaging\requirements_packaging.txt (line 1)) (0.2.3)
Requirement already satisfied: six in c:\users\sidscri\desktop\test\kenpoflashcardswebserver_packaged_synced\.venv\lib\site-packages (from pystray==0.19.5->-r C:\Users\Sidscri\Desktop\TEST\KenpoFlashcardsWebServer_Packaged_Synced\packaging\requirements_packaging.txt (line 2)) (1.17.0)
Requirement already satisfied: charset_normalizer<4,>=2 in c:\users\sidscri\desktop\test\kenpoflashcardswebserver_packaged_synced\.venv\lib\site-packages (from requests>=2.31.0->-r C:\Users\Sidscri\Desktop\TEST\KenpoFlashcardsWebServer_Packaged_Synced\packaging\requirements_packaging.txt (line 6)) (3.4.4)
Requirement already satisfied: idna<4,>=2.5 in c:\users\sidscri\desktop\test\kenpoflashcardswebserver_packaged_synced\.venv\lib\site-packages (from requests>=2.31.0->-r C:\Users\Sidscri\Desktop\TEST\KenpoFlashcardsWebServer_Packaged_Synced\packaging\requirements_packaging.txt (line 6)) (3.11)
Requirement already satisfied: urllib3<3,>=1.21.1 in c:\users\sidscri\desktop\test\kenpoflashcardswebserver_packaged_synced\.venv\lib\site-packages (from requests>=2.31.0->-r C:\Users\Sidscri\Desktop\TEST\KenpoFlashcardsWebServer_Packaged_Synced\packaging\requirements_packaging.txt (line 6)) (2.2.3)
Requirement already satisfied: certifi>=2017.4.17 in c:\users\sidscri\desktop\test\kenpoflashcardswebserver_packaged_synced\.venv\lib\site-packages (from requests>=2.31.0->-r C:\Users\Sidscri\Desktop\TEST\KenpoFlashcardsWebServer_Packaged_Synced\packaging\requirements_packaging.txt (line 6)) (2026.1.4)
Requirement already satisfied: Jinja2>=3.1.2 in c:\users\sidscri\desktop\test\kenpoflashcardswebserver_packaged_synced\.venv\lib\site-packages (from flask<3.0,>=2.2.2->-r C:\Users\Sidscri\Desktop\TEST\KenpoFlashcardsWebServer_Packaged_Synced\packaging\requirements_packaging.txt (line 7)) (3.1.6)
Requirement already satisfied: itsdangerous>=2.1.2 in c:\users\sidscri\desktop\test\kenpoflashcardswebserver_packaged_synced\.venv\lib\site-packages (from flask<3.0,>=2.2.2->-r C:\Users\Sidscri\Desktop\TEST\KenpoFlashcardsWebServer_Packaged_Synced\packaging\requirements_packaging.txt (line 7)) (2.2.0)
Requirement already satisfied: click>=8.1.3 in c:\users\sidscri\desktop\test\kenpoflashcardswebserver_packaged_synced\.venv\lib\site-packages (from flask<3.0,>=2.2.2->-r C:\Users\Sidscri\Desktop\TEST\KenpoFlashcardsWebServer_Packaged_Synced\packaging\requirements_packaging.txt (line 7)) (8.1.8)
Requirement already satisfied: blinker>=1.6.2 in c:\users\sidscri\desktop\test\kenpoflashcardswebserver_packaged_synced\.venv\lib\site-packages (from flask<3.0,>=2.2.2->-r C:\Users\Sidscri\Desktop\TEST\KenpoFlashcardsWebServer_Packaged_Synced\packaging\requirements_packaging.txt (line 7)) (1.8.2)
Requirement already satisfied: MarkupSafe>=2.1.1 in c:\users\sidscri\desktop\test\kenpoflashcardswebserver_packaged_synced\.venv\lib\site-packages (from Werkzeug<3.0,>=2.2.2->-r C:\Users\Sidscri\Desktop\TEST\KenpoFlashcardsWebServer_Packaged_Synced\packaging\requirements_packaging.txt (line 8)) (2.1.5)
Requirement already satisfied: more-itertools in c:\users\sidscri\desktop\test\kenpoflashcardswebserver_packaged_synced\.venv\lib\site-packages (from jaraco.functools>=4.0.0->-r C:\Users\Sidscri\Desktop\TEST\KenpoFlashcardsWebServer_Packaged_Synced\packaging\requirements_packaging.txt (line 13)) (10.5.0)
Requirement already satisfied: backports.tarfile in c:\users\sidscri\desktop\test\kenpoflashcardswebserver_packaged_synced\.venv\lib\site-packages (from jaraco.context>=5.0.0->-r C:\Users\Sidscri\Desktop\TEST\KenpoFlashcardsWebServer_Packaged_Synced\packaging\requirements_packaging.txt (line 14)) (1.2.0)
Requirement already satisfied: autocommand in c:\users\sidscri\desktop\test\kenpoflashcardswebserver_packaged_synced\.venv\lib\site-packages (from jaraco.text>=3.0.0->-r C:\Users\Sidscri\Desktop\TEST\KenpoFlashcardsWebServer_Packaged_Synced\packaging\requirements_packaging.txt (line 16)) (2.2.2)
Requirement already satisfied: importlib-resources in c:\users\sidscri\desktop\test\kenpoflashcardswebserver_packaged_synced\.venv\lib\site-packages (from jaraco.text>=3.0.0->-r C:\Users\Sidscri\Desktop\TEST\KenpoFlashcardsWebServer_Packaged_Synced\packaging\requirements_packaging.txt (line 16)) (6.4.5)
Requirement already satisfied: colorama in c:\users\sidscri\desktop\test\kenpoflashcardswebserver_packaged_synced\.venv\lib\site-packages (from click>=8.1.3->flask<3.0,>=2.2.2->-r C:\Users\Sidscri\Desktop\TEST\KenpoFlashcardsWebServer_Packaged_Synced\packaging\requirements_packaging.txt (line 7)) (0.4.6)
Requirement already satisfied: zipp>=3.20 in c:\users\sidscri\desktop\test\kenpoflashcardswebserver_packaged_synced\.venv\lib\site-packages (from importlib-metadata>=4.6->pyinstaller==6.6.0->-r C:\Users\Sidscri\Desktop\TEST\KenpoFlashcardsWebServer_Packaged_Synced\packaging\requirements_packaging.txt (line 1)) (3.20.2)

[notice] A new release of pip is available: 24.0 -> 25.0.1
[notice] To update, run: C:\Users\Sidscri\Desktop\TEST\KenpoFlashcardsWebServer_Packaged_Synced\.venv\Scripts\python.exe -m pip install --upgrade pip
[3/5] Verifying data folder
[4/5] Running PyInstaller
285 INFO: PyInstaller: 6.6.0, contrib hooks: 2026.0
285 INFO: Python: 3.8.1
285 INFO: Platform: Windows-10-10.0.19041-SP0
4427 INFO: Extending PYTHONPATH with paths
['C:\\Users\\Sidscri\\Desktop\\TEST\\KenpoFlashcardsWebServer_Packaged_Synced',
 'C:\\Users\\Sidscri\\Desktop\\TEST\\KenpoFlashcardsWebServer_Packaged_Synced']
4646 INFO: Appending 'datas' from .spec
4662 INFO: checking Analysis
4662 INFO: Building Analysis because Analysis-00.toc is non existent
4662 INFO: Running Analysis Analysis-00.toc
4662 INFO: Target bytecode optimization level: 0
4662 INFO: Initializing module dependency graph...
4662 INFO: Caching module graph hooks...
4702 INFO: Analyzing base_library.zip ...
5419 INFO: Loading module hook 'hook-heapq.py' from 'C:\\Users\\Sidscri\\Desktop\\TEST\\KenpoFlashcardsWebServer_Packaged_Synced\\.venv\\lib\\site-packages\\PyInstaller\\hooks'...
5648 INFO: Loading module hook 'hook-encodings.py' from 'C:\\Users\\Sidscri\\Desktop\\TEST\\KenpoFlashcardsWebServer_Packaged_Synced\\.venv\\lib\\site-packages\\PyInstaller\\hooks'...
6748 INFO: Loading module hook 'hook-pickle.py' from 'C:\\Users\\Sidscri\\Desktop\\TEST\\KenpoFlashcardsWebServer_Packaged_Synced\\.venv\\lib\\site-packages\\PyInstaller\\hooks'...
7715 INFO: Caching module dependency graph...
7907 INFO: Looking for Python shared library...
7982 INFO: Using Python shared library: C:\Users\Sidscri\AppData\Local\Programs\Python\Python38\python38.dll
7982 INFO: Analyzing C:\Users\Sidscri\Desktop\TEST\KenpoFlashcardsWebServer_Packaged_Synced\AdvancedFlashcardsWebAppServerLauncher.py
8339 INFO: Loading module hook 'hook-pystray.py' from 'C:\\Users\\Sidscri\\Desktop\\TEST\\KenpoFlashcardsWebServer_Packaged_Synced\\.venv\\lib\\site-packages\\_pyinstaller_hooks_contrib\\stdhooks'...
8774 INFO: Processing pre-safe import module hook six.moves from 'C:\\Users\\Sidscri\\Desktop\\TEST\\KenpoFlashcardsWebServer_Packaged_Synced\\.venv\\lib\\site-packages\\PyInstaller\\hooks\\pre_safe_import_module\\hook-six.moves.py'.
8878 INFO: Processing pre-safe import module hook gi from 'C:\\Users\\Sidscri\\Desktop\\TEST\\KenpoFlashcardsWebServer_Packaged_Synced\\.venv\\lib\\site-packages\\PyInstaller\\hooks\\pre_safe_import_module\\hook-gi.py'.
8899 INFO: Loading module hook 'hook-PIL.py' from 'C:\\Users\\Sidscri\\Desktop\\TEST\\KenpoFlashcardsWebServer_Packaged_Synced\\.venv\\lib\\site-packages\\PyInstaller\\hooks'...
9050 INFO: Loading module hook 'hook-PIL.Image.py' from 'C:\\Users\\Sidscri\\Desktop\\TEST\\KenpoFlashcardsWebServer_Packaged_Synced\\.venv\\lib\\site-packages\\PyInstaller\\hooks'...
9904 INFO: Loading module hook 'hook-packaging.py' from 'C:\\Users\\Sidscri\\Desktop\\TEST\\KenpoFlashcardsWebServer_Packaged_Synced\\.venv\\lib\\site-packages\\PyInstaller\\hooks'...
9942 INFO: Loading module hook 'hook-PIL.ImageFilter.py' from 'C:\\Users\\Sidscri\\Desktop\\TEST\\KenpoFlashcardsWebServer_Packaged_Synced\\.venv\\lib\\site-packages\\PyInstaller\\hooks'...
9963 INFO: Analyzing hidden import 'pystray._info'
9964 INFO: Analyzing hidden import 'jaraco'
9965 INFO: Analyzing hidden import 'jaraco.classes'
9966 INFO: Analyzing hidden import 'jaraco.classes.ancestry'
10072 INFO: Analyzing hidden import 'jaraco.classes.meta'
10074 INFO: Analyzing hidden import 'jaraco.classes.properties'
10078 INFO: Analyzing hidden import 'jaraco.context'
10100 INFO: Loading module hook 'hook-platform.py' from 'C:\\Users\\Sidscri\\Desktop\\TEST\\KenpoFlashcardsWebServer_Packaged_Synced\\.venv\\lib\\site-packages\\PyInstaller\\hooks'...
10172 INFO: Loading module hook 'hook-backports.py' from 'C:\\Users\\Sidscri\\Desktop\\TEST\\KenpoFlashcardsWebServer_Packaged_Synced\\.venv\\lib\\site-packages\\_pyinstaller_hooks_contrib\\stdhooks'...
10187 INFO: Analyzing hidden import 'jaraco.functools'
10196 INFO: Analyzing hidden import 'jaraco.text'
10196 INFO: Loading module hook 'hook-jaraco.text.py' from 'C:\\Users\\Sidscri\\Desktop\\TEST\\KenpoFlashcardsWebServer_Packaged_Synced\\.venv\\lib\\site-packages\\_pyinstaller_hooks_contrib\\stdhooks'...
10428 INFO: Loading module hook 'hook-importlib_resources.py' from 'C:\\Users\\Sidscri\\Desktop\\TEST\\KenpoFlashcardsWebServer_Packaged_Synced\\.venv\\lib\\site-packages\\PyInstaller\\hooks'...
10474 INFO: Analyzing hidden import 'jaraco.text.layouts'
10476 INFO: Analyzing hidden import 'jaraco.text.show-newlines'
10607 INFO: Loading module hook 'hook-multiprocessing.util.py' from 'C:\\Users\\Sidscri\\Desktop\\TEST\\KenpoFlashcardsWebServer_Packaged_Synced\\.venv\\lib\\site-packages\\PyInstaller\\hooks'...
10680 INFO: Loading module hook 'hook-xml.py' from 'C:\\Users\\Sidscri\\Desktop\\TEST\\KenpoFlashcardsWebServer_Packaged_Synced\\.venv\\lib\\site-packages\\PyInstaller\\hooks'...
11150 INFO: Analyzing hidden import 'jaraco.text.strip-prefix'
11151 INFO: Analyzing hidden import 'jaraco.text.to-dvorak'
11152 INFO: Analyzing hidden import 'jaraco.text.to-qwerty'
11153 INFO: Analyzing hidden import 'pkg_resources'
11233 INFO: Loading module hook 'hook-pkg_resources.py' from 'C:\\Users\\Sidscri\\Desktop\\TEST\\KenpoFlashcardsWebServer_Packaged_Synced\\.venv\\lib\\site-packages\\PyInstaller\\hooks'...
12368 INFO: Loading module hook 'hook-sysconfig.py' from 'C:\\Users\\Sidscri\\Desktop\\TEST\\KenpoFlashcardsWebServer_Packaged_Synced\\.venv\\lib\\site-packages\\PyInstaller\\hooks'...
12371 INFO: Analyzing hidden import 'pkg_resources._vendor'
12372 INFO: Analyzing hidden import 'pkg_resources._vendor.backports'
12373 INFO: Analyzing hidden import 'pkg_resources._vendor.backports.tarfile'
12446 INFO: Analyzing hidden import 'pkg_resources._vendor.importlib_resources'
12479 INFO: Analyzing hidden import 'pkg_resources._vendor.importlib_resources.simple'
12482 INFO: Analyzing hidden import 'pkg_resources._vendor.jaraco'
12482 INFO: Analyzing hidden import 'pkg_resources._vendor.jaraco.context'
12489 INFO: Analyzing hidden import 'pkg_resources._vendor.jaraco.functools'
12497 INFO: Analyzing hidden import 'pkg_resources._vendor.jaraco.text'
12505 INFO: Analyzing hidden import 'pkg_resources._vendor.more_itertools'
12588 INFO: Analyzing hidden import 'pkg_resources._vendor.packaging'
12589 INFO: Analyzing hidden import 'pkg_resources._vendor.packaging._elffile'
12593 INFO: Analyzing hidden import 'pkg_resources._vendor.packaging._manylinux'
12600 INFO: Analyzing hidden import 'pkg_resources._vendor.packaging._musllinux'
12603 INFO: Analyzing hidden import 'pkg_resources._vendor.packaging._parser'
12696 INFO: Analyzing hidden import 'pkg_resources._vendor.packaging.markers'
12704 INFO: Analyzing hidden import 'pkg_resources._vendor.packaging.metadata'
12728 INFO: Analyzing hidden import 'pkg_resources._vendor.platformdirs'
12753 INFO: Analyzing hidden import 'pkg_resources._vendor.platformdirs.__main__'
12763 INFO: Loading module hook 'hook-platformdirs.py' from 'C:\\Users\\Sidscri\\Desktop\\TEST\\KenpoFlashcardsWebServer_Packaged_Synced\\.venv\\lib\\site-packages\\_pyinstaller_hooks_contrib\\stdhooks'...
12795 INFO: Analyzing hidden import 'importlib_resources.simple'
12799 INFO: Analyzing hidden import 'importlib_resources.tests'
12800 INFO: Analyzing hidden import 'importlib_resources.tests._path'
12802 INFO: Analyzing hidden import 'importlib_resources.tests.compat'
12803 INFO: Analyzing hidden import 'importlib_resources.tests.compat.py312'
12805 INFO: Analyzing hidden import 'importlib_resources.tests.test_compatibilty_files'
12894 INFO: Loading module hook 'hook-difflib.py' from 'C:\\Users\\Sidscri\\Desktop\\TEST\\KenpoFlashcardsWebServer_Packaged_Synced\\.venv\\lib\\site-packages\\PyInstaller\\hooks'...
12952 INFO: Analyzing hidden import 'importlib_resources.tests.test_contents'
12952 INFO: Analyzing hidden import 'importlib_resources.tests.test_custom'
12952 INFO: Analyzing hidden import 'importlib_resources.tests.test_files'
12952 INFO: Analyzing hidden import 'importlib_resources.tests.test_functional'
12968 INFO: Analyzing hidden import 'importlib_resources.tests.test_open'
12968 INFO: Analyzing hidden import 'importlib_resources.tests.test_path'
12968 INFO: Analyzing hidden import 'importlib_resources.tests.test_read'
12988 INFO: Analyzing hidden import 'importlib_resources.tests.test_reader'
12994 INFO: Analyzing hidden import 'importlib_resources.tests.test_resource'
13002 INFO: Analyzing hidden import 'flask'
14104 INFO: Loading module hook 'hook-importlib_metadata.py' from 'C:\\Users\\Sidscri\\Desktop\\TEST\\KenpoFlashcardsWebServer_Packaged_Synced\\.venv\\lib\\site-packages\\PyInstaller\\hooks'...
14339 INFO: Loading module hook 'hook-jinja2.py' from 'C:\\Users\\Sidscri\\Desktop\\TEST\\KenpoFlashcardsWebServer_Packaged_Synced\\.venv\\lib\\site-packages\\_pyinstaller_hooks_contrib\\stdhooks'...
14913 INFO: Analyzing hidden import 'requests'
14925 INFO: Loading module hook 'hook-urllib3.py' from 'C:\\Users\\Sidscri\\Desktop\\TEST\\KenpoFlashcardsWebServer_Packaged_Synced\\.venv\\lib\\site-packages\\_pyinstaller_hooks_contrib\\stdhooks'...
15567 INFO: Loading module hook 'hook-charset_normalizer.py' from 'C:\\Users\\Sidscri\\Desktop\\TEST\\KenpoFlashcardsWebServer_Packaged_Synced\\.venv\\lib\\site-packages\\_pyinstaller_hooks_contrib\\stdhooks'...
15701 INFO: Loading module hook 'hook-certifi.py' from 'C:\\Users\\Sidscri\\Desktop\\TEST\\KenpoFlashcardsWebServer_Packaged_Synced\\.venv\\lib\\site-packages\\_pyinstaller_hooks_contrib\\stdhooks'...
15882 INFO: Analyzing hidden import 'setuptools'
15897 INFO: Loading module hook 'hook-setuptools.py' from 'C:\\Users\\Sidscri\\Desktop\\TEST\\KenpoFlashcardsWebServer_Packaged_Synced\\.venv\\lib\\site-packages\\PyInstaller\\hooks'...
17565 INFO: Processing pre-safe import module hook distutils from 'C:\\Users\\Sidscri\\Desktop\\TEST\\KenpoFlashcardsWebServer_Packaged_Synced\\.venv\\lib\\site-packages\\PyInstaller\\hooks\\pre_safe_import_module\\hook-distutils.py'.
17565 INFO: Processing pre-find module path hook distutils from 'C:\\Users\\Sidscri\\Desktop\\TEST\\KenpoFlashcardsWebServer_Packaged_Synced\\.venv\\lib\\site-packages\\PyInstaller\\hooks\\pre_find_module_path\\hook-distutils.py'.
18064 INFO: Loading module hook 'hook-distutils.py' from 'C:\\Users\\Sidscri\\Desktop\\TEST\\KenpoFlashcardsWebServer_Packaged_Synced\\.venv\\lib\\site-packages\\PyInstaller\\hooks'...
18120 INFO: Loading module hook 'hook-distutils.util.py' from 'C:\\Users\\Sidscri\\Desktop\\TEST\\KenpoFlashcardsWebServer_Packaged_Synced\\.venv\\lib\\site-packages\\PyInstaller\\hooks'...
18297 INFO: Loading module hook 'hook-setuptools.msvc.py' from 'C:\\Users\\Sidscri\\Desktop\\TEST\\KenpoFlashcardsWebServer_Packaged_Synced\\.venv\\lib\\site-packages\\PyInstaller\\hooks'...
18938 INFO: Processing module hooks...
18947 WARNING: Hidden import "importlib_resources.trees" not found!
19184 INFO: Loading module hook 'hook-PIL.SpiderImagePlugin.py' from 'C:\\Users\\Sidscri\\Desktop\\TEST\\KenpoFlashcardsWebServer_Packaged_Synced\\.venv\\lib\\site-packages\\PyInstaller\\hooks'...
20155 INFO: Loading module hook 'hook-setuptools._distutils.command.check.py' from 'C:\\Users\\Sidscri\\Desktop\\TEST\\KenpoFlashcardsWebServer_Packaged_Synced\\.venv\\lib\\site-packages\\PyInstaller\\hooks'...
20389 INFO: Performing binary vs. data reclassification (70 entries)
21821 INFO: Looking for ctypes DLLs
21865 INFO: Analyzing run-time hooks ...
21872 INFO: Including run-time hook 'C:\\Users\\Sidscri\\Desktop\\TEST\\KenpoFlashcardsWebServer_Packaged_Synced\\.venv\\lib\\site-packages\\PyInstaller\\hooks\\rthooks\\pyi_rth_setuptools.py'
21873 INFO: Including run-time hook 'C:\\Users\\Sidscri\\Desktop\\TEST\\KenpoFlashcardsWebServer_Packaged_Synced\\.venv\\lib\\site-packages\\PyInstaller\\hooks\\rthooks\\pyi_rth_pkgutil.py'
21878 INFO: Processing pre-find module path hook _pyi_rth_utils from 'C:\\Users\\Sidscri\\Desktop\\TEST\\KenpoFlashcardsWebServer_Packaged_Synced\\.venv\\lib\\site-packages\\PyInstaller\\hooks\\pre_find_module_path\\hook-_pyi_rth_utils.py'.
21880 INFO: Loading module hook 'hook-_pyi_rth_utils.py' from 'C:\\Users\\Sidscri\\Desktop\\TEST\\KenpoFlashcardsWebServer_Packaged_Synced\\.venv\\lib\\site-packages\\PyInstaller\\hooks'...
21881 INFO: Including run-time hook 'C:\\Users\\Sidscri\\Desktop\\TEST\\KenpoFlashcardsWebServer_Packaged_Synced\\.venv\\lib\\site-packages\\PyInstaller\\hooks\\rthooks\\pyi_rth_inspect.py'
21883 INFO: Including run-time hook 'C:\\Users\\Sidscri\\Desktop\\TEST\\KenpoFlashcardsWebServer_Packaged_Synced\\.venv\\lib\\site-packages\\PyInstaller\\hooks\\rthooks\\pyi_rth_multiprocessing.py'
21886 INFO: Including run-time hook 'C:\\Users\\Sidscri\\Desktop\\TEST\\KenpoFlashcardsWebServer_Packaged_Synced\\.venv\\lib\\site-packages\\PyInstaller\\hooks\\rthooks\\pyi_rth_pkgres.py'
21916 INFO: Looking for dynamic libraries
23223 INFO: Extra DLL search directories (AddDllDirectory): []
23223 INFO: Extra DLL search directories (PATH): []
30998 INFO: Warnings written to C:\Users\Sidscri\Desktop\TEST\KenpoFlashcardsWebServer_Packaged_Synced\build\kenpo_tray\warn-kenpo_tray.txt
31198 INFO: Graph cross-reference written to C:\Users\Sidscri\Desktop\TEST\KenpoFlashcardsWebServer_Packaged_Synced\build\kenpo_tray\xref-kenpo_tray.html
31264 INFO: checking PYZ
31264 INFO: Building PYZ because PYZ-00.toc is non existent
31265 INFO: Building PYZ (ZlibArchive) C:\Users\Sidscri\Desktop\TEST\KenpoFlashcardsWebServer_Packaged_Synced\build\kenpo_tray\PYZ-00.pyz
33011 INFO: Building PYZ (ZlibArchive) C:\Users\Sidscri\Desktop\TEST\KenpoFlashcardsWebServer_Packaged_Synced\build\kenpo_tray\PYZ-00.pyz completed successfully.
33247 INFO: checking PKG
33247 INFO: Building PKG because PKG-00.toc is non existent
33247 INFO: Building PKG (CArchive) AdvancedFlashcardsWebAppServer.pkg
33268 INFO: Building PKG (CArchive) AdvancedFlashcardsWebAppServer.pkg completed successfully.
33269 INFO: Bootloader C:\Users\Sidscri\Desktop\TEST\KenpoFlashcardsWebServer_Packaged_Synced\.venv\lib\site-packages\PyInstaller\bootloader\Windows-64bit-intel\runw.exe
33269 INFO: checking EXE
33269 INFO: Building EXE because EXE-00.toc is non existent
33270 INFO: Building EXE from EXE-00.toc
33270 INFO: Copying bootloader EXE to C:\Users\Sidscri\Desktop\TEST\KenpoFlashcardsWebServer_Packaged_Synced\build\kenpo_tray\AdvancedFlashcardsWebAppServer.exe
33286 INFO: Copying icon to EXE
33290 INFO: Copying 0 resources to EXE
33290 INFO: Embedding manifest in EXE
33295 INFO: Appending PKG archive to EXE
33300 INFO: Fixing EXE headers
33477 INFO: Building EXE from EXE-00.toc completed successfully.
33481 INFO: checking COLLECT
33481 INFO: Building COLLECT because COLLECT-00.toc is non existent
33482 INFO: Building COLLECT COLLECT-00.toc
33785 INFO: Building COLLECT COLLECT-00.toc completed successfully.
[INFO] Bundling version.json from: C:\Users\Sidscri\Desktop\TEST\KenpoFlashcardsWebServer_Packaged_Synced\version.json
[INFO] Bundling kenpo_words.json from: C:\Users\Sidscri\Desktop\TEST\KenpoFlashcardsWebServer_Packaged_Synced\packaging\build_data\kenpo_words.json
[5/5] Done
[Fri 01/30/2026 13:44:07.43] SUCCESS build_exe
