============================================================
ONE CLICK BUILD started: Fri 01/30/2026 22:38:08.82
Packaging folder: C:\Users\Sidscri\Documents\GitHub\sidscri-apps\KenpoFlashcardsWebServer_Packaged\packaging\
One-click folder: C:\Users\Sidscri\Documents\GitHub\sidscri-apps\KenpoFlashcardsWebServer_Packaged\packaging\one_click\
Master log     : C:\Users\Sidscri\Documents\GitHub\sidscri-apps\KenpoFlashcardsWebServer_Packaged\packaging\logs\build_all_20260130_223808.log
============================================================
[PROGRESS] 0% - Starting...
[PROGRESS] 10% - STEP 1/3: Pre Build of Build_Data

[STEP 1] Pre Build started: Fri 01/30/2026 22:38:08.88
[STEP 1] ExitCode=0
[STEP 1] Pre Build complete: Fri 01/30/2026 22:38:09.40
[PROGRESS] 33% - Pre Build complete
[PROGRESS] 40% - STEP 2/3: Build EXE

[STEP 2] Build EXE started: Fri 01/30/2026 22:38:09.43
[STEP 2] ExitCode=0
[STEP 2] Build EXE complete: Fri 01/30/2026 22:39:50.37
[PROGRESS] 66% - Build EXE complete
[PROGRESS] 75% - STEP 3/3: Build Installer (Inno)

[STEP 3] Build Installer started: Fri 01/30/2026 22:39:50.40
[STEP 3] ExitCode=0
[STEP 3] Build Installer complete: Fri 01/30/2026 22:39:57.38
[PROGRESS] 100% - ALL DONE

ONE CLICK BUILD SUCCESS: Fri 01/30/2026 22:39:57.40
