============================================================
ONE CLICK BUILD started: Fri 01/30/2026 13:43:29.64
Packaging folder: C:\Users\Sidscri\Desktop\TEST\KenpoFlashcardsWebServer_Packaged_Synced\packaging\
One-click folder: C:\Users\Sidscri\Desktop\TEST\KenpoFlashcardsWebServer_Packaged_Synced\packaging\one_click\
Master log     : C:\Users\Sidscri\Desktop\TEST\KenpoFlashcardsWebServer_Packaged_Synced\packaging\logs\build_all_20260130_134329.log
============================================================
[PROGRESS] 0% - Starting...
[PROGRESS] 10% - STEP 1/3: Pre Build of Build_Data

[STEP 1] Pre Build started: Fri 01/30/2026 13:43:29.69
[STEP 1] ExitCode=0
[STEP 1] Pre Build complete: Fri 01/30/2026 13:43:30.15
[PROGRESS] 33% - Pre Build complete
[PROGRESS] 40% - STEP 2/3: Build EXE

[STEP 2] Build EXE started: Fri 01/30/2026 13:43:30.19
[STEP 2] ExitCode=0
[STEP 2] Build EXE complete: Fri 01/30/2026 13:44:07.44
[PROGRESS] 66% - Build EXE complete
[PROGRESS] 75% - STEP 3/3: Build Installer (Inno)

[STEP 3] Build Installer started: Fri 01/30/2026 13:44:07.46
[STEP 3] ExitCode=0
[STEP 3] Build Installer complete: Fri 01/30/2026 13:44:14.37
[PROGRESS] 100% - ALL DONE

ONE CLICK BUILD SUCCESS: Fri 01/30/2026 13:44:14.39
