============================================================
ONE CLICK BUILD started: Sun 02/01/2026 13:19:16.54
Packaging folder: C:\Users\Sidscri\Documents\GitHub\sidscri-apps\KenpoFlashcardsWebServer_Packaged\packaging\
One-click folder: C:\Users\Sidscri\Documents\GitHub\sidscri-apps\KenpoFlashcardsWebServer_Packaged\packaging\one_click\
Master log     : C:\Users\Sidscri\Documents\GitHub\sidscri-apps\KenpoFlashcardsWebServer_Packaged\packaging\logs\build_all_20260201_131916.log
============================================================
[PROGRESS] 0% - Starting...
[PROGRESS] 10% - STEP 1/3: Pre Build of Build_Data

[STEP 1] Pre Build started: Sun 02/01/2026 13:19:16.59
[STEP 1] ExitCode=0
[STEP 1] Pre Build complete: Sun 02/01/2026 13:19:17.20
[PROGRESS] 33% - Pre Build complete
[PROGRESS] 40% - STEP 2/3: Build EXE

[STEP 2] Build EXE started: Sun 02/01/2026 13:19:17.23
[STEP 2] ExitCode=0
[STEP 2] Build EXE complete: Sun 02/01/2026 13:20:50.42
[PROGRESS] 66% - Build EXE complete
[PROGRESS] 75% - STEP 3/3: Build Installer (Inno)

[STEP 3] Build Installer started: Sun 02/01/2026 13:20:50.46
[STEP 3] ExitCode=0
[STEP 3] Build Installer complete: Sun 02/01/2026 13:20:57.27
[PROGRESS] 100% - ALL DONE

ONE CLICK BUILD SUCCESS: Sun 02/01/2026 13:20:57.29
