============================================================
Preflight Release Build
Started: Tue 02/24/2026 16:45:13.75
Folder : C:\Users\Sidscri\Documents\GitHub\sidscri-apps\KenpoFlashcardsProject-v2
Log    : C:\Users\Sidscri\Documents\GitHub\sidscri-apps\KenpoFlashcardsProject-v2\logs\preflight_release_20260224_164513.log
============================================================
[PROGRESS] 0% - Starting...
[PROGRESS] 5% - STEP 0/5: Sanity checks (gradlew, wrapper props)

------------------------------------------------------------
[Tue 02/24/2026 16:45:13.85] Wrapper properties
CMD: type gradle\wrapper\gradle-wrapper.properties
[ExitCode=0]
distributionBase=GRADLE_USER_HOME
distributionPath=wrapper/dists
distributionUrl=https\://services.gradle.org/distributions/gradle-8.7-bin.zip
networkTimeout=10000
validateDistributionUrl=true
zipStoreBase=GRADLE_USER_HOME
zipStorePath=wrapper/dists
[PROGRESS] 20% - STEP 1/5: Verify Gradle wrapper JAR exists
[PROGRESS] 35% - STEP 2/5: gradlew --version (confirm wrapper works)

------------------------------------------------------------
[Tue 02/24/2026 16:45:13.99] .\gradlew.bat --version
------------------------------------------------------------

------------------------------------------------------------
Gradle 8.7
------------------------------------------------------------

Build time:   2024-03-22 15:52:46 UTC
Revision:     650af14d7653aa949fce5e886e685efc9cf97c10

Kotlin:       1.9.22
Groovy:       3.0.17
Ant:          Apache Ant(TM) version 1.10.13 compiled on January 4 2023
JVM:          17.0.17 (Eclipse Adoptium 17.0.17+10)
OS:           Windows 10 10.0 amd64

[ExitCode=0]
[PROGRESS] 50% - STEP 3/5: Clean

------------------------------------------------------------
[Tue 02/24/2026 16:45:16.02] .\gradlew.bat clean
------------------------------------------------------------
Starting a Gradle Daemon (subsequent builds will be faster)
> Task :app:clean UP-TO-DATE

BUILD SUCCESSFUL in 19s
1 actionable task: 1 up-to-date
[ExitCode=0]
[PROGRESS] 70% - STEP 4/5: Kotlin compile (Release) + stacktrace

------------------------------------------------------------
[Tue 02/24/2026 16:45:36.32] .\gradlew.bat :app:compileReleaseKotlin --stacktrace
------------------------------------------------------------
> Task :app:checkKotlinGradlePluginConfigurationErrors
> Task :app:preBuild UP-TO-DATE
> Task :app:preReleaseBuild UP-TO-DATE
> Task :app:generateReleaseResValues
> Task :app:checkReleaseAarMetadata
> Task :app:mapReleaseSourceSetPaths
> Task :app:generateReleaseResources
> Task :app:packageReleaseResources
> Task :app:createReleaseCompatibleScreenManifests
> Task :app:extractDeepLinksRelease
> Task :app:parseReleaseLocalResources
> Task :app:mergeReleaseResources
> Task :app:processReleaseMainManifest
> Task :app:processReleaseManifest
> Task :app:processReleaseManifestForPackage
> Task :app:processReleaseResources
> Task :app:compileReleaseKotlin
w: file:///C:/Users/Sidscri/Documents/GitHub/sidscri-apps/KenpoFlashcardsProject-v2/app/src/main/java/com/example/kenpoflashcards/MainActivity.kt:130:59 'Help: ImageVector' is deprecated. Use the AutoMirrored version at Icons.AutoMirrored.Filled.Help
w: file:///C:/Users/Sidscri/Documents/GitHub/sidscri-apps/KenpoFlashcardsProject-v2/app/src/main/java/com/example/kenpoflashcards/MainActivity.kt:132:59 'List: ImageVector' is deprecated. Use the AutoMirrored version at Icons.AutoMirrored.Filled.List
w: file:///C:/Users/Sidscri/Documents/GitHub/sidscri-apps/KenpoFlashcardsProject-v2/app/src/main/java/com/example/kenpoflashcards/MainActivity.kt:139:59 'Help: ImageVector' is deprecated. Use the AutoMirrored version at Icons.AutoMirrored.Filled.Help
w: file:///C:/Users/Sidscri/Documents/GitHub/sidscri-apps/KenpoFlashcardsProject-v2/app/src/main/java/com/example/kenpoflashcards/MainActivity.kt:141:59 'List: ImageVector' is deprecated. Use the AutoMirrored version at Icons.AutoMirrored.Filled.List
w: file:///C:/Users/Sidscri/Documents/GitHub/sidscri-apps/KenpoFlashcardsProject-v2/app/src/main/java/com/example/kenpoflashcards/MainActivity.kt:214:55 Parameter 'landscape' is never used
w: file:///C:/Users/Sidscri/Documents/GitHub/sidscri-apps/KenpoFlashcardsProject-v2/app/src/main/java/com/example/kenpoflashcards/MainActivity.kt:297:5 Parameter 'showSearch' is never used
w: file:///C:/Users/Sidscri/Documents/GitHub/sidscri-apps/KenpoFlashcardsProject-v2/app/src/main/java/com/example/kenpoflashcards/MainActivity.kt:351:104 'VolumeUp: ImageVector' is deprecated. Use the AutoMirrored version at Icons.AutoMirrored.Filled.VolumeUp
w: file:///C:/Users/Sidscri/Documents/GitHub/sidscri-apps/KenpoFlashcardsProject-v2/app/src/main/java/com/example/kenpoflashcards/MainActivity.kt:487:138 Unnecessary safe call on a non-null receiver of type FlashCard?
w: file:///C:/Users/Sidscri/Documents/GitHub/sidscri-apps/KenpoFlashcardsProject-v2/app/src/main/java/com/example/kenpoflashcards/MainActivity.kt:487:163 Unnecessary safe call on a non-null receiver of type FlashCard?
w: file:///C:/Users/Sidscri/Documents/GitHub/sidscri-apps/KenpoFlashcardsProject-v2/app/src/main/java/com/example/kenpoflashcards/MainActivity.kt:487:256 'VolumeUp: ImageVector' is deprecated. Use the AutoMirrored version at Icons.AutoMirrored.Filled.VolumeUp
w: file:///C:/Users/Sidscri/Documents/GitHub/sidscri-apps/KenpoFlashcardsProject-v2/app/src/main/java/com/example/kenpoflashcards/MainActivity.kt:651:257 'VolumeUp: ImageVector' is deprecated. Use the AutoMirrored version at Icons.AutoMirrored.Filled.VolumeUp
w: file:///C:/Users/Sidscri/Documents/GitHub/sidscri-apps/KenpoFlashcardsProject-v2/app/src/main/java/com/example/kenpoflashcards/MainActivity.kt:689:9 Variable 'landscape' is never used
w: file:///C:/Users/Sidscri/Documents/GitHub/sidscri-apps/KenpoFlashcardsProject-v2/app/src/main/java/com/example/kenpoflashcards/MainActivity.kt:767:9 Variable 'progress' is never used
w: file:///C:/Users/Sidscri/Documents/GitHub/sidscri-apps/KenpoFlashcardsProject-v2/app/src/main/java/com/example/kenpoflashcards/MainActivity.kt:901:275 'VolumeUp: ImageVector' is deprecated. Use the AutoMirrored version at Icons.AutoMirrored.Filled.VolumeUp
w: file:///C:/Users/Sidscri/Documents/GitHub/sidscri-apps/KenpoFlashcardsProject-v2/app/src/main/java/com/example/kenpoflashcards/MainActivity.kt:963:261 'VolumeUp: ImageVector' is deprecated. Use the AutoMirrored version at Icons.AutoMirrored.Filled.VolumeUp
w: file:///C:/Users/Sidscri/Documents/GitHub/sidscri-apps/KenpoFlashcardsProject-v2/app/src/main/java/com/example/kenpoflashcards/MainActivity.kt:1022:21 'Divider(Modifier = ..., Dp = ..., Color = ...): Unit' is deprecated. Renamed to HorizontalDivider
w: file:///C:/Users/Sidscri/Documents/GitHub/sidscri-apps/KenpoFlashcardsProject-v2/app/src/main/java/com/example/kenpoflashcards/MainActivity.kt:1103:9 Variable 'csvLauncher' is never used
w: file:///C:/Users/Sidscri/Documents/GitHub/sidscri-apps/KenpoFlashcardsProject-v2/app/src/main/java/com/example/kenpoflashcards/MainActivity.kt:1261:9 Variable 'redeemCode' is never used
w: file:///C:/Users/Sidscri/Documents/GitHub/sidscri-apps/KenpoFlashcardsProject-v2/app/src/main/java/com/example/kenpoflashcards/MainActivity.kt:1274:92 'ArrowBack: ImageVector' is deprecated. Use the AutoMirrored version at Icons.AutoMirrored.Filled.ArrowBack
w: file:///C:/Users/Sidscri/Documents/GitHub/sidscri-apps/KenpoFlashcardsProject-v2/app/src/main/java/com/example/kenpoflashcards/MainActivity.kt:1702:13 'Divider(Modifier = ..., Dp = ..., Color = ...): Unit' is deprecated. Renamed to HorizontalDivider
w: file:///C:/Users/Sidscri/Documents/GitHub/sidscri-apps/KenpoFlashcardsProject-v2/app/src/main/java/com/example/kenpoflashcards/MainActivity.kt:1739:92 'ArrowBack: ImageVector' is deprecated. Use the AutoMirrored version at Icons.AutoMirrored.Filled.ArrowBack
w: file:///C:/Users/Sidscri/Documents/GitHub/sidscri-apps/KenpoFlashcardsProject-v2/app/src/main/java/com/example/kenpoflashcards/MainActivity.kt:1814:25 'Divider(Modifier = ..., Dp = ..., Color = ...): Unit' is deprecated. Renamed to HorizontalDivider
w: file:///C:/Users/Sidscri/Documents/GitHub/sidscri-apps/KenpoFlashcardsProject-v2/app/src/main/java/com/example/kenpoflashcards/MainActivity.kt:1834:209 'ArrowBack: ImageVector' is deprecated. Use the AutoMirrored version at Icons.AutoMirrored.Filled.ArrowBack
w: file:///C:/Users/Sidscri/Documents/GitHub/sidscri-apps/KenpoFlashcardsProject-v2/app/src/main/java/com/example/kenpoflashcards/MainActivity.kt:1904:36 'MenuBook: ImageVector' is deprecated. Use the AutoMirrored version at Icons.AutoMirrored.Filled.MenuBook
w: file:///C:/Users/Sidscri/Documents/GitHub/sidscri-apps/KenpoFlashcardsProject-v2/app/src/main/java/com/example/kenpoflashcards/MainActivity.kt:1937:9 Variable 'redeemCode' is never used
w: file:///C:/Users/Sidscri/Documents/GitHub/sidscri-apps/KenpoFlashcardsProject-v2/app/src/main/java/com/example/kenpoflashcards/MainActivity.kt:1945:209 'ArrowBack: ImageVector' is deprecated. Use the AutoMirrored version at Icons.AutoMirrored.Filled.ArrowBack
w: file:///C:/Users/Sidscri/Documents/GitHub/sidscri-apps/KenpoFlashcardsProject-v2/app/src/main/java/com/example/kenpoflashcards/MainActivity.kt:1969:40 'Logout: ImageVector' is deprecated. Use the AutoMirrored version at Icons.AutoMirrored.Filled.Logout
w: file:///C:/Users/Sidscri/Documents/GitHub/sidscri-apps/KenpoFlashcardsProject-v2/app/src/main/java/com/example/kenpoflashcards/MainActivity.kt:2111:40 'Login: ImageVector' is deprecated. Use the AutoMirrored version at Icons.AutoMirrored.Filled.Login
w: file:///C:/Users/Sidscri/Documents/GitHub/sidscri-apps/KenpoFlashcardsProject-v2/app/src/main/java/com/example/kenpoflashcards/MainActivity.kt:2144:9 Variable 'redeemCode' is never used
w: file:///C:/Users/Sidscri/Documents/GitHub/sidscri-apps/KenpoFlashcardsProject-v2/app/src/main/java/com/example/kenpoflashcards/MainActivity.kt:2151:217 'ArrowBack: ImageVector' is deprecated. Use the AutoMirrored version at Icons.AutoMirrored.Filled.ArrowBack
w: file:///C:/Users/Sidscri/Documents/GitHub/sidscri-apps/KenpoFlashcardsProject-v2/app/src/main/java/com/example/kenpoflashcards/MainActivity.kt:2168:106 'Login: ImageVector' is deprecated. Use the AutoMirrored version at Icons.AutoMirrored.Filled.Login
w: file:///C:/Users/Sidscri/Documents/GitHub/sidscri-apps/KenpoFlashcardsProject-v2/app/src/main/java/com/example/kenpoflashcards/MainActivity.kt:2293:214 'ArrowBack: ImageVector' is deprecated. Use the AutoMirrored version at Icons.AutoMirrored.Filled.ArrowBack
w: file:///C:/Users/Sidscri/Documents/GitHub/sidscri-apps/KenpoFlashcardsProject-v2/app/src/main/java/com/example/kenpoflashcards/MainActivity.kt:2404:9 Variable 'context' is never used
w: file:///C:/Users/Sidscri/Documents/GitHub/sidscri-apps/KenpoFlashcardsProject-v2/app/src/main/java/com/example/kenpoflashcards/MainActivity.kt:2414:9 Variable 'redeemCode' is never used
w: file:///C:/Users/Sidscri/Documents/GitHub/sidscri-apps/KenpoFlashcardsProject-v2/app/src/main/java/com/example/kenpoflashcards/MainActivity.kt:2491:92 'ArrowBack: ImageVector' is deprecated. Use the AutoMirrored version at Icons.AutoMirrored.Filled.ArrowBack
w: file:///C:/Users/Sidscri/Documents/GitHub/sidscri-apps/KenpoFlashcardsProject-v2/app/src/main/java/com/example/kenpoflashcards/MainActivity.kt:2754:78 Parameter 'idx' is never used, could be renamed to _
w: file:///C:/Users/Sidscri/Documents/GitHub/sidscri-apps/KenpoFlashcardsProject-v2/app/src/main/java/com/example/kenpoflashcards/Repository.kt:37:35 Condition 'it.deckId == null' is always 'false'
w: file:///C:/Users/Sidscri/Documents/GitHub/sidscri-apps/KenpoFlashcardsProject-v2/app/src/main/java/com/example/kenpoflashcards/Repository.kt:364:37 Unnecessary safe call on a non-null receiver of type String
w: file:///C:/Users/Sidscri/Documents/GitHub/sidscri-apps/KenpoFlashcardsProject-v2/app/src/main/java/com/example/kenpoflashcards/Repository.kt:385:37 Unnecessary safe call on a non-null receiver of type String
w: file:///C:/Users/Sidscri/Documents/GitHub/sidscri-apps/KenpoFlashcardsProject-v2/app/src/main/java/com/example/kenpoflashcards/Store.kt:305:216 Type mismatch: inferred type is Nothing? but String was expected
w: file:///C:/Users/Sidscri/Documents/GitHub/sidscri-apps/KenpoFlashcardsProject-v2/app/src/main/java/com/example/kenpoflashcards/Store.kt:366:58 Type mismatch: inferred type is Nothing? but String was expected
w: file:///C:/Users/Sidscri/Documents/GitHub/sidscri-apps/KenpoFlashcardsProject-v2/app/src/main/java/com/example/kenpoflashcards/Store.kt:366:63 Unnecessary safe call on a non-null receiver of type String!
w: file:///C:/Users/Sidscri/Documents/GitHub/sidscri-apps/KenpoFlashcardsProject-v2/app/src/main/java/com/example/kenpoflashcards/Store.kt:367:130 Type mismatch: inferred type is Nothing? but String was expected
w: file:///C:/Users/Sidscri/Documents/GitHub/sidscri-apps/KenpoFlashcardsProject-v2/app/src/main/java/com/example/kenpoflashcards/Store.kt:367:135 Unnecessary safe call on a non-null receiver of type String!
w: file:///C:/Users/Sidscri/Documents/GitHub/sidscri-apps/KenpoFlashcardsProject-v2/app/src/main/java/com/example/kenpoflashcards/Store.kt:674:52 Type mismatch: inferred type is Nothing? but String was expected
w: file:///C:/Users/Sidscri/Documents/GitHub/sidscri-apps/KenpoFlashcardsProject-v2/app/src/main/java/com/example/kenpoflashcards/Store.kt:674:57 Unnecessary safe call on a non-null receiver of type String!
w: file:///C:/Users/Sidscri/Documents/GitHub/sidscri-apps/KenpoFlashcardsProject-v2/app/src/main/java/com/example/kenpoflashcards/Store.kt:678:48 Type mismatch: inferred type is Nothing? but String was expected
w: file:///C:/Users/Sidscri/Documents/GitHub/sidscri-apps/KenpoFlashcardsProject-v2/app/src/main/java/com/example/kenpoflashcards/Store.kt:678:53 Unnecessary safe call on a non-null receiver of type String!
w: file:///C:/Users/Sidscri/Documents/GitHub/sidscri-apps/KenpoFlashcardsProject-v2/app/src/main/java/com/example/kenpoflashcards/Store.kt:697:48 Type mismatch: inferred type is Nothing? but String was expected
w: file:///C:/Users/Sidscri/Documents/GitHub/sidscri-apps/KenpoFlashcardsProject-v2/app/src/main/java/com/example/kenpoflashcards/Store.kt:697:53 Unnecessary safe call on a non-null receiver of type String!
w: file:///C:/Users/Sidscri/Documents/GitHub/sidscri-apps/KenpoFlashcardsProject-v2/app/src/main/java/com/example/kenpoflashcards/Store.kt:699:40 Type mismatch: inferred type is Nothing? but String was expected
w: file:///C:/Users/Sidscri/Documents/GitHub/sidscri-apps/KenpoFlashcardsProject-v2/app/src/main/java/com/example/kenpoflashcards/Store.kt:699:45 Unnecessary safe call on a non-null receiver of type String!
w: file:///C:/Users/Sidscri/Documents/GitHub/sidscri-apps/KenpoFlashcardsProject-v2/app/src/main/java/com/example/kenpoflashcards/WebAppSync.kt:322:67 Type mismatch: inferred type is Nothing? but String was expected
w: file:///C:/Users/Sidscri/Documents/GitHub/sidscri-apps/KenpoFlashcardsProject-v2/app/src/main/java/com/example/kenpoflashcards/WebAppSync.kt:725:67 Type mismatch: inferred type is Nothing? but String was expected
w: file:///C:/Users/Sidscri/Documents/GitHub/sidscri-apps/KenpoFlashcardsProject-v2/app/src/main/java/com/example/kenpoflashcards/WebAppSync.kt:729:63 Type mismatch: inferred type is Nothing? but String was expected
w: file:///C:/Users/Sidscri/Documents/GitHub/sidscri-apps/KenpoFlashcardsProject-v2/app/src/main/java/com/example/kenpoflashcards/WebAppSync.kt:822:63 Type mismatch: inferred type is Nothing? but String was expected
w: file:///C:/Users/Sidscri/Documents/GitHub/sidscri-apps/KenpoFlashcardsProject-v2/app/src/main/java/com/example/kenpoflashcards/WebAppSync.kt:824:55 Type mismatch: inferred type is Nothing? but String was expected
w: file:///C:/Users/Sidscri/Documents/GitHub/sidscri-apps/KenpoFlashcardsProject-v2/app/src/main/java/com/example/kenpoflashcards/WebAppSync.kt:923:63 Type mismatch: inferred type is Nothing? but String was expected
w: file:///C:/Users/Sidscri/Documents/GitHub/sidscri-apps/KenpoFlashcardsProject-v2/app/src/main/java/com/example/kenpoflashcards/WebAppSync.kt:925:55 Type mismatch: inferred type is Nothing? but String was expected

BUILD SUCCESSFUL in 1m 35s
15 actionable tasks: 15 executed
[ExitCode=0]
[PROGRESS] 90% - STEP 5/5: Assemble Release (optional but useful)

------------------------------------------------------------
[Tue 02/24/2026 16:47:12.91] .\gradlew.bat :app:assembleRelease --stacktrace
------------------------------------------------------------
> Task :app:buildKotlinToolingMetadata
> Task :app:checkKotlinGradlePluginConfigurationErrors
> Task :app:preBuild UP-TO-DATE
> Task :app:preReleaseBuild UP-TO-DATE
> Task :app:checkReleaseAarMetadata UP-TO-DATE
> Task :app:generateReleaseResValues UP-TO-DATE
> Task :app:mapReleaseSourceSetPaths UP-TO-DATE
> Task :app:generateReleaseResources UP-TO-DATE
> Task :app:mergeReleaseResources UP-TO-DATE
> Task :app:packageReleaseResources UP-TO-DATE
> Task :app:parseReleaseLocalResources UP-TO-DATE
> Task :app:createReleaseCompatibleScreenManifests UP-TO-DATE
> Task :app:extractDeepLinksRelease UP-TO-DATE
> Task :app:processReleaseMainManifest UP-TO-DATE
> Task :app:processReleaseManifest UP-TO-DATE
> Task :app:processReleaseManifestForPackage UP-TO-DATE
> Task :app:processReleaseResources UP-TO-DATE
> Task :app:compileReleaseKotlin UP-TO-DATE
> Task :app:javaPreCompileRelease
> Task :app:extractProguardFiles
> Task :app:compileReleaseJavaWithJavac NO-SOURCE
> Task :app:generateReleaseLintVitalReportModel
> Task :app:mergeReleaseJniLibFolders
> Task :app:mergeReleaseNativeLibs

> Task :app:stripReleaseDebugSymbols
Unable to strip the following libraries, packaging them as they are: libdatastore_shared_counter.so.

> Task :app:checkReleaseDuplicateClasses
> Task :app:dexBuilderRelease
> Task :app:extractReleaseNativeSymbolTables
> Task :app:desugarReleaseFileDependencies
> Task :app:mergeReleaseNativeDebugMetadata NO-SOURCE
> Task :app:mergeReleaseStartupProfile
> Task :app:mergeReleaseArtProfile
> Task :app:mergeReleaseShaders
> Task :app:compileReleaseShaders NO-SOURCE
> Task :app:generateReleaseAssets UP-TO-DATE
> Task :app:mergeReleaseGlobalSynthetics
> Task :app:mergeReleaseAssets
> Task :app:compressReleaseAssets
> Task :app:extractReleaseVersionControlInfo
> Task :app:processReleaseJavaRes
> Task :app:lintVitalAnalyzeRelease
> Task :app:collectReleaseDependencies
> Task :app:sdkReleaseDependencyData
> Task :app:writeReleaseAppMetadata
> Task :app:writeReleaseSigningConfigVersions
> Task :app:optimizeReleaseResources
> Task :app:mergeReleaseJavaResource
> Task :app:mergeExtDexRelease
> Task :app:mergeDexRelease
> Task :app:compileReleaseArtProfile
> Task :app:packageRelease
> Task :app:createReleaseApkListingFileRedirect
> Task :app:lintVitalReportRelease
> Task :app:lintVitalRelease
> Task :app:assembleRelease

BUILD SUCCESSFUL in 1m 27s
48 actionable tasks: 34 executed, 14 up-to-date
[ExitCode=0]
[PROGRESS] 100% - ALL DONE

PRECHECK SUCCESS: Tue 02/24/2026 16:48:41.81
