========================================================================
WebServerToAndroid Sync Log  (tool v1.1.0)
Timestamp: 20260315_201949
Tools Dir: C:\Users\Sidscri\Documents\GitHub\sidscri-apps\tools\SyncTool-WebServerToAndroid
WebServer : C:\Users\Sidscri\Documents\GitHub\sidscri-apps\KenpoFlashcardsWebServer
AndroidSrc: C:\Users\Sidscri\Documents\GitHub\sidscri-apps\KenpoFlashcardsProject-v2
OutputMode: synced
========================================================================

[20:19:49] ℹ️ Preparing synced output: C:\Users\Sidscri\Documents\GitHub\sidscri-apps\KenpoFlashcardsProject-v2_synced
[20:19:50] ✅ Android output folder: C:\Users\Sidscri\Documents\GitHub\sidscri-apps\KenpoFlashcardsProject-v2_synced
[20:19:50] ℹ️ WebServer: v8.10.0 (build 65)
[20:19:50] ℹ️ Android:   v7.1.1 (build 43)
[20:19:50] ℹ️ Last WS parity: v8.9.0 (build 63)
[20:19:50] ℹ️ Found 0 WebServer version(s) since v8.9.0
[20:20:29] ℹ️ Upgrade: Minor
[20:20:29] ℹ️ New version: v7.2.0 (build 44)
[20:20:29] ℹ️ Creating backup...
[20:20:29] ✅ Backup at: C:\Users\Sidscri\Documents\GitHub\sidscri-apps\tools\SyncTool-WebServerToAndroid\sync_backups\android_v7.2.0_b44_20260315_202029
[20:20:29] ℹ️ Bumping build.gradle...
[20:20:29] ✅ build.gradle → versionCode=44, versionName="7.2.0"
[20:20:29] ℹ️ Updating version.json...
[20:20:29] ✅ version.json updated
[20:20:29] ℹ️ Updating CHANGELOG.md...
[20:20:29] ✅ CHANGELOG.md updated
[20:20:29] ℹ️ Updating README.md...
[20:20:29] ✅ README.md updated
[20:20:29] ℹ️ Creating Version-AndroidApp-*.txt...
[20:20:29] ✅ Created Version-AndroidApp-v7.2.0 v44.txt
[20:20:29] ℹ️ Creating Fixes *.txt...
[20:20:29] ✅ Created Fixes v7.2.0 v44.txt
[20:20:29] ℹ️ Generating feature parity report...
[20:20:29] ✅ Parity report: C:\Users\Sidscri\Documents\GitHub\sidscri-apps\tools\SyncTool-WebServerToAndroid\parity_report_2026-03-15.md
